<?xml version="1.0" encoding="UTF-8"?>
<testsuite xmlns:xsi="http://www.w3.org/2001/XMLSchema-instance" xsi:noNamespaceSchemaLocation="https://maven.apache.org/surefire/maven-surefire-plugin/xsd/surefire-test-report.xsd" version="3.0.2" name="app.AppRenderApplicationTests" time="3.932" tests="1" errors="0" skipped="0" failures="0">
  <properties>
[...]
</properties>
  <testcase name="contextLoads" classname="app.AppRenderApplicationTests" time="1.073">
    <system-out><![CDATA[18:41:47.795 [main] INFO org.springframework.test.context.support.AnnotationConfigContextLoaderUtils -- Could not detect default configuration classes for test class [app.AppRenderApplicationTests]: AppRenderApplicationTests does not declare any static, non-private, non-final, nested classes annotated with @Configuration.
18:41:47.992 [main] INFO org.springframework.boot.test.context.SpringBootTestContextBootstrapper -- Found @SpringBootConfiguration app.AppRenderApplication for test class app.AppRenderApplicationTests

  .   ____          _            __ _ _
 /\\ / ___'_ __ _ _(_)_ __  __ _ \ \ \ \
( ( )\___ | '_ | '_| | '_ \/ _` | \ \ \ \
 \\/  ___)| |_)| | | | | || (_| |  ) ) ) )
  '  |____| .__|_| |_|_| |_\__, | / / / /
 =========|_|==============|___/=/_/_/_/

 :: Spring Boot ::                (v3.4.4)

2025-04-03T18:41:48.640-03:00  INFO 24332 --- [app-render] [           main] app.AppRenderApplicationTests            : Starting AppRenderApplicationTests using Java 21.0.5 with PID 24332 (started by avner.lima in C:\Users\avner.lima\Desktop\js\app-render)
2025-04-03T18:41:48.642-03:00  INFO 24332 --- [app-render] [           main] app.AppRenderApplicationTests            : No active profile set, falling back to 1 default profile: "default"
2025-04-03T18:41:50.270-03:00  INFO 24332 --- [app-render] [           main] app.AppRenderApplicationTests            : Started AppRenderApplicationTests in 2.015 seconds (process running for 3.783)
]]></system-out>
    <system-err><![CDATA[Mockito is currently self-attaching to enable the inline-mock-maker. This will no longer work in future releases of the JDK. Please add Mockito as an agent to your build what is described in Mockito's documentation: https://javadoc.io/doc/org.mockito/mockito-core/latest/org/mockito/Mockito.html#0.3
WARNING: A Java agent has been loaded dynamically (C:\Users\avner.lima\.m2\repository\net\bytebuddy\byte-buddy-agent\1.15.11\byte-buddy-agent-1.15.11.jar)
WARNING: If a serviceability tool is in use, please run with -XX:+EnableDynamicAgentLoading to hide this warning
WARNING: If a serviceability tool is not in use, please run with -Djdk.instrument.traceUsage for more information
WARNING: Dynamic loading of agents will be disallowed by default in a future release
]]></system-err>
  </testcase>
</testsuite>